<?xml version="1.0" encoding="UTF-8"?>
<testsuite name="com.obf.codegen.JniCGeneratorTest" tests="2" skipped="0" failures="0" errors="0" timestamp="2026-04-11T23:07:18.347Z" hostname="DESKTOP-4IRTSCE" time="0.004">
  <properties/>
  <testcase name="generatesValidCForSimpleAddMethod()" classname="com.obf.codegen.JniCGeneratorTest" time="0.003"/>
  <testcase name="generatesValidCForVoidMethod()" classname="com.obf.codegen.JniCGeneratorTest" time="0.0"/>
  <system-out><![CDATA[]]></system-out>
  <system-err><![CDATA[]]></system-err>
</testsuite>
